<?xml version="1.0" encoding="UTF-8"?>
<!-- Generated by org.testng.reporters.JUnitXMLReporter -->
<testsuite ignored="0" hostname="EPINPUNW009D" failures="0" tests="3" name="ChromeTestCases" time="4.122" errors="0" timestamp="2024-08-22T22:13:44 IST">
  <testcase classname="tests.LoginTest" name="verifyValidLogin" time="1.402"/>
  <testcase classname="tests.LoginTest" name="verifyInvalidLogin" time="0.312"/>
  <testcase classname="tests.LoginTest" name="verifyInvalidLogin" time="0.267"/>
</testsuite> <!-- ChromeTestCases -->
